<?xml version="1.0" encoding="UTF-8"?>
<testsuite name="BirthdayTest" tests="3" skipped="0" failures="0" errors="0" timestamp="2015-08-20T18:14:34" hostname="epicodus-107.local" time="0.001">
  <properties/>
  <testcase name="birthday_getsCorrectMonth" classname="BirthdayTest" time="0.0"/>
  <testcase name="birthday_getsCorrectYear" classname="BirthdayTest" time="0.0"/>
  <testcase name="birthday_instantiatesCorrectly" classname="BirthdayTest" time="0.0"/>
  <system-out><![CDATA[]]></system-out>
  <system-err><![CDATA[]]></system-err>
</testsuite>
