<?xml version="1.0" encoding="UTF-8"?>
<testsuite name="AddressBookTest" tests="6" skipped="0" failures="0" errors="0" timestamp="2015-08-20T18:14:34" hostname="epicodus-107.local" time="0.002">
  <properties/>
  <testcase name="addressBook_returnsCorrectFirstName_Gob" classname="AddressBookTest" time="0.001"/>
  <testcase name="addressBook_emptiesArray_Zero" classname="AddressBookTest" time="0.0"/>
  <testcase name="addressBook_entryInstantiatesWithAnId_true" classname="AddressBookTest" time="0.0"/>
  <testcase name="addressBook_returnsCorrectId" classname="AddressBookTest" time="0.0"/>
  <testcase name="addressBook_returnsCorrectLastName_Bluth" classname="AddressBookTest" time="0.001"/>
  <testcase name="addressBook_instantiatesCorrectly" classname="AddressBookTest" time="0.0"/>
  <system-out><![CDATA[]]></system-out>
  <system-err><![CDATA[]]></system-err>
</testsuite>
