<?xml version="1.0" encoding="UTF-8"?>
<testsuite name="AddressTest" tests="3" skipped="0" failures="0" errors="0" timestamp="2015-08-20T18:14:34" hostname="epicodus-107.local" time="0.0">
  <properties/>
  <testcase name="getZip_returnCorrectZip" classname="AddressTest" time="0.0"/>
  <testcase name="address_instantiatesCorrectly" classname="AddressTest" time="0.0"/>
  <testcase name="getStreet_returnCorrectStreet" classname="AddressTest" time="0.0"/>
  <system-out><![CDATA[]]></system-out>
  <system-err><![CDATA[]]></system-err>
</testsuite>
